have_func: checking for fdatasync() in unistd.h... -------------------- no

PATH=".;C:/Ruby33-x64/lib;C:\Ruby33-x64\bin;C:\Ruby33-x64\msys64\ucrt64\bin;C:\Ruby33-x64\msys64\usr\bin;C:\Ruby33-x64\bin;C:\oraclexe\app\oracle\product\11.2.0\server\bin;C:\Program Files (x86)\Common Files\Oracle\Java\javapath;C:\oraclexe\app\oracle\product\11.2.0\server\bin;C:\WINDOWS\system32;C:\WINDOWS;C:\WINDOWS\System32\Wbem;C:\WINDOWS\System32\WindowsPowerShell\v1.0\;C:\WINDOWS\System32\OpenSSH\;C:\Users\Lenovo\AppData\Local\Microsoft\WindowsApps;C:\adb;C:\Program Files\nodejs\;C:\Program Files (x86)\Yarn\bin\;C:\Program Files\PostgreSQL\17\bin;C:\Program Files\Git\cmd;C:\Ruby33-x64\bin;C:\RailsInstaller\Git\cmd;C:\RailsInstaller\Ruby2.3.3\bin;C:\instantclient_19_23;C:\Users\Lenovo\AppData\Local\Programs\Microsoft VS Code\bin;C:\Program Files\heroku\bin;C:\Program Files\MySQL\MySQL Server 8.0\bin;C:\Users\Lenovo\AppData\Roaming\npm;C:\Users\Lenovo\AppData\Local\Yarn\bin;C:\Users\Lenovo\AppData\Local\GitHubDesktop\bin;C:\sqlite-dll-win-x86-3490000;C:\msys64\mingw64\bin;C:\msys64\usr\bin;C:\Program Files\PostgreSQL\16\bin;C:\RailsInstaller\Git\cmd;C:\RailsInstaller\Ruby2.3.3\bin;C:\instantclient_19_23;C:\Users\Lenovo\AppData\Local\Microsoft\WindowsApps;C:\Users\Lenovo\AppData\Local\Programs\Microsoft VS Code\bin;C:\Program Files\heroku\bin;C:\Program Files\MySQL\MySQL Server 8.0\bin;C:\Users\Lenovo\AppData\Roaming\npm;C:\Users\Lenovo\AppData\Local\Yarn\bin;C:\Users\Lenovo\AppData\Local\GitHubDesktop\bin;C:\Program Files\PostgreSQL\17\bin;C:\Ruby33-x64\bin;C:\sqlite-dll-win-x86-3490000;C:\msys64\mingw64\bin;C:\msys64\usr\bin;" "gcc -o conftest.exe -IC:/Ruby33-x64/include/ruby-3.3.0/x64-mingw-ucrt -IC:/Ruby33-x64/include/ruby-3.3.0/ruby/backward -IC:/Ruby33-x64/include/ruby-3.3.0 -I.  -DFD_SETSIZE=2048 -D_WIN32_WINNT=0x0600 -D__MINGW_USE_VC2005_COMPAT -D_FILE_OFFSET_BITS=64  -O3 -fno-fast-math -fstack-protector-strong conftest.c  -L. -LC:/Ruby33-x64/lib -L. -pipe -s -fstack-protector-strong -Wl,--no-as-needed     -lx64-ucrt-ruby330  -lshell32 -lws2_32 -liphlpapi -limagehlp -lshlwapi -lbcrypt  "
checked program was:
/* begin */
1: #include "ruby.h"
2: 
3: #include <winsock2.h>
4: #include <windows.h>
5: int main(int argc, char **argv)
6: {
7:   return !!argv[argc];
8: }
/* end */

PATH=".;C:/Ruby33-x64/lib;C:\Ruby33-x64\bin;C:\Ruby33-x64\msys64\ucrt64\bin;C:\Ruby33-x64\msys64\usr\bin;C:\Ruby33-x64\bin;C:\oraclexe\app\oracle\product\11.2.0\server\bin;C:\Program Files (x86)\Common Files\Oracle\Java\javapath;C:\oraclexe\app\oracle\product\11.2.0\server\bin;C:\WINDOWS\system32;C:\WINDOWS;C:\WINDOWS\System32\Wbem;C:\WINDOWS\System32\WindowsPowerShell\v1.0\;C:\WINDOWS\System32\OpenSSH\;C:\Users\Lenovo\AppData\Local\Microsoft\WindowsApps;C:\adb;C:\Program Files\nodejs\;C:\Program Files (x86)\Yarn\bin\;C:\Program Files\PostgreSQL\17\bin;C:\Program Files\Git\cmd;C:\Ruby33-x64\bin;C:\RailsInstaller\Git\cmd;C:\RailsInstaller\Ruby2.3.3\bin;C:\instantclient_19_23;C:\Users\Lenovo\AppData\Local\Programs\Microsoft VS Code\bin;C:\Program Files\heroku\bin;C:\Program Files\MySQL\MySQL Server 8.0\bin;C:\Users\Lenovo\AppData\Roaming\npm;C:\Users\Lenovo\AppData\Local\Yarn\bin;C:\Users\Lenovo\AppData\Local\GitHubDesktop\bin;C:\sqlite-dll-win-x86-3490000;C:\msys64\mingw64\bin;C:\msys64\usr\bin;C:\Program Files\PostgreSQL\16\bin;C:\RailsInstaller\Git\cmd;C:\RailsInstaller\Ruby2.3.3\bin;C:\instantclient_19_23;C:\Users\Lenovo\AppData\Local\Microsoft\WindowsApps;C:\Users\Lenovo\AppData\Local\Programs\Microsoft VS Code\bin;C:\Program Files\heroku\bin;C:\Program Files\MySQL\MySQL Server 8.0\bin;C:\Users\Lenovo\AppData\Roaming\npm;C:\Users\Lenovo\AppData\Local\Yarn\bin;C:\Users\Lenovo\AppData\Local\GitHubDesktop\bin;C:\Program Files\PostgreSQL\17\bin;C:\Ruby33-x64\bin;C:\sqlite-dll-win-x86-3490000;C:\msys64\mingw64\bin;C:\msys64\usr\bin;" "gcc -o conftest.exe -IC:/Ruby33-x64/include/ruby-3.3.0/x64-mingw-ucrt -IC:/Ruby33-x64/include/ruby-3.3.0/ruby/backward -IC:/Ruby33-x64/include/ruby-3.3.0 -I.  -DFD_SETSIZE=2048 -D_WIN32_WINNT=0x0600 -D__MINGW_USE_VC2005_COMPAT -D_FILE_OFFSET_BITS=64  -O3 -fno-fast-math -fstack-protector-strong conftest.c  -L. -LC:/Ruby33-x64/lib -L. -pipe -s -fstack-protector-strong -Wl,--no-as-needed     -lx64-ucrt-ruby330  -lshell32 -lws2_32 -liphlpapi -limagehlp -lshlwapi -lbcrypt  "
conftest.c: In function 't':
conftest.c:18:57: error: 'fdatasync' undeclared (first use in this function)
   18 | int t(void) { void ((*volatile p)()); p = (void ((*)()))fdatasync; return !p; }
      |                                                         ^~~~~~~~~
conftest.c:18:57: note: each undeclared identifier is reported only once for each function it appears in
checked program was:
/* begin */
 1: #include "ruby.h"
 2: 
 3: #include <winsock2.h>
 4: #include <windows.h>
 5: #include <unistd.h>
 6: 
 7: /*top*/
 8: extern int t(void);
 9: int main(int argc, char **argv)
10: {
11:   if (argc > 1000000) {
12:     int (* volatile tp)(void)=(int (*)(void))&t;
13:     printf("%d", (*tp)());
14:   }
15: 
16:   return !!argv[argc];
17: }
18: int t(void) { void ((*volatile p)()); p = (void ((*)()))fdatasync; return !p; }
/* end */

PATH=".;C:/Ruby33-x64/lib;C:\Ruby33-x64\bin;C:\Ruby33-x64\msys64\ucrt64\bin;C:\Ruby33-x64\msys64\usr\bin;C:\Ruby33-x64\bin;C:\oraclexe\app\oracle\product\11.2.0\server\bin;C:\Program Files (x86)\Common Files\Oracle\Java\javapath;C:\oraclexe\app\oracle\product\11.2.0\server\bin;C:\WINDOWS\system32;C:\WINDOWS;C:\WINDOWS\System32\Wbem;C:\WINDOWS\System32\WindowsPowerShell\v1.0\;C:\WINDOWS\System32\OpenSSH\;C:\Users\Lenovo\AppData\Local\Microsoft\WindowsApps;C:\adb;C:\Program Files\nodejs\;C:\Program Files (x86)\Yarn\bin\;C:\Program Files\PostgreSQL\17\bin;C:\Program Files\Git\cmd;C:\Ruby33-x64\bin;C:\RailsInstaller\Git\cmd;C:\RailsInstaller\Ruby2.3.3\bin;C:\instantclient_19_23;C:\Users\Lenovo\AppData\Local\Programs\Microsoft VS Code\bin;C:\Program Files\heroku\bin;C:\Program Files\MySQL\MySQL Server 8.0\bin;C:\Users\Lenovo\AppData\Roaming\npm;C:\Users\Lenovo\AppData\Local\Yarn\bin;C:\Users\Lenovo\AppData\Local\GitHubDesktop\bin;C:\sqlite-dll-win-x86-3490000;C:\msys64\mingw64\bin;C:\msys64\usr\bin;C:\Program Files\PostgreSQL\16\bin;C:\RailsInstaller\Git\cmd;C:\RailsInstaller\Ruby2.3.3\bin;C:\instantclient_19_23;C:\Users\Lenovo\AppData\Local\Microsoft\WindowsApps;C:\Users\Lenovo\AppData\Local\Programs\Microsoft VS Code\bin;C:\Program Files\heroku\bin;C:\Program Files\MySQL\MySQL Server 8.0\bin;C:\Users\Lenovo\AppData\Roaming\npm;C:\Users\Lenovo\AppData\Local\Yarn\bin;C:\Users\Lenovo\AppData\Local\GitHubDesktop\bin;C:\Program Files\PostgreSQL\17\bin;C:\Ruby33-x64\bin;C:\sqlite-dll-win-x86-3490000;C:\msys64\mingw64\bin;C:\msys64\usr\bin;" "gcc -o conftest.exe -IC:/Ruby33-x64/include/ruby-3.3.0/x64-mingw-ucrt -IC:/Ruby33-x64/include/ruby-3.3.0/ruby/backward -IC:/Ruby33-x64/include/ruby-3.3.0 -I.  -DFD_SETSIZE=2048 -D_WIN32_WINNT=0x0600 -D__MINGW_USE_VC2005_COMPAT -D_FILE_OFFSET_BITS=64  -O3 -fno-fast-math -fstack-protector-strong conftest.c  -L. -LC:/Ruby33-x64/lib -L. -pipe -s -fstack-protector-strong -Wl,--no-as-needed     -lx64-ucrt-ruby330  -lshell32 -lws2_32 -liphlpapi -limagehlp -lshlwapi -lbcrypt  "
C:/Ruby33-x64/msys64/ucrt64/bin/../lib/gcc/x86_64-w64-mingw32/14.2.0/../../../../x86_64-w64-mingw32/bin/ld.exe: C:\Users\Lenovo\AppData\Local\Temp\cc6eyBIw.o:conftest.c:(.text+0x5): undefined reference to `fdatasync'
collect2.exe: error: ld returned 1 exit status
checked program was:
/* begin */
 1: #include "ruby.h"
 2: 
 3: #include <winsock2.h>
 4: #include <windows.h>
 5: #include <unistd.h>
 6: 
 7: /*top*/
 8: extern int t(void);
 9: int main(int argc, char **argv)
10: {
11:   if (argc > 1000000) {
12:     int (* volatile tp)(void)=(int (*)(void))&t;
13:     printf("%d", (*tp)());
14:   }
15: 
16:   return !!argv[argc];
17: }
18: extern void fdatasync();
19: int t(void) { fdatasync(); return 0; }
/* end */

--------------------

append_cflags: checking for whether -O3 is accepted as CFLAGS... -------------------- yes

PATH=".;C:/Ruby33-x64/lib;C:\Ruby33-x64\bin;C:\Ruby33-x64\msys64\ucrt64\bin;C:\Ruby33-x64\msys64\usr\bin;C:\Ruby33-x64\bin;C:\oraclexe\app\oracle\product\11.2.0\server\bin;C:\Program Files (x86)\Common Files\Oracle\Java\javapath;C:\oraclexe\app\oracle\product\11.2.0\server\bin;C:\WINDOWS\system32;C:\WINDOWS;C:\WINDOWS\System32\Wbem;C:\WINDOWS\System32\WindowsPowerShell\v1.0\;C:\WINDOWS\System32\OpenSSH\;C:\Users\Lenovo\AppData\Local\Microsoft\WindowsApps;C:\adb;C:\Program Files\nodejs\;C:\Program Files (x86)\Yarn\bin\;C:\Program Files\PostgreSQL\17\bin;C:\Program Files\Git\cmd;C:\Ruby33-x64\bin;C:\RailsInstaller\Git\cmd;C:\RailsInstaller\Ruby2.3.3\bin;C:\instantclient_19_23;C:\Users\Lenovo\AppData\Local\Programs\Microsoft VS Code\bin;C:\Program Files\heroku\bin;C:\Program Files\MySQL\MySQL Server 8.0\bin;C:\Users\Lenovo\AppData\Roaming\npm;C:\Users\Lenovo\AppData\Local\Yarn\bin;C:\Users\Lenovo\AppData\Local\GitHubDesktop\bin;C:\sqlite-dll-win-x86-3490000;C:\msys64\mingw64\bin;C:\msys64\usr\bin;C:\Program Files\PostgreSQL\16\bin;C:\RailsInstaller\Git\cmd;C:\RailsInstaller\Ruby2.3.3\bin;C:\instantclient_19_23;C:\Users\Lenovo\AppData\Local\Microsoft\WindowsApps;C:\Users\Lenovo\AppData\Local\Programs\Microsoft VS Code\bin;C:\Program Files\heroku\bin;C:\Program Files\MySQL\MySQL Server 8.0\bin;C:\Users\Lenovo\AppData\Roaming\npm;C:\Users\Lenovo\AppData\Local\Yarn\bin;C:\Users\Lenovo\AppData\Local\GitHubDesktop\bin;C:\Program Files\PostgreSQL\17\bin;C:\Ruby33-x64\bin;C:\sqlite-dll-win-x86-3490000;C:\msys64\mingw64\bin;C:\msys64\usr\bin;" "gcc -IC:/Ruby33-x64/include/ruby-3.3.0/x64-mingw-ucrt -IC:/Ruby33-x64/include/ruby-3.3.0/ruby/backward -IC:/Ruby33-x64/include/ruby-3.3.0 -I.  -DFD_SETSIZE=2048 -D_WIN32_WINNT=0x0600 -D__MINGW_USE_VC2005_COMPAT -D_FILE_OFFSET_BITS=64  -O3 -fno-fast-math -fstack-protector-strong  -O3 -Werror -c conftest.c"
checked program was:
/* begin */
1: #include "ruby.h"
2: 
3: #include <winsock2.h>
4: #include <windows.h>
5: int main(int argc, char **argv)
6: {
7:   return !!argv[argc];
8: }
/* end */

--------------------

append_cflags: checking for whether -std=c99 is accepted as CFLAGS... -------------------- yes

PATH=".;C:/Ruby33-x64/lib;C:\Ruby33-x64\bin;C:\Ruby33-x64\msys64\ucrt64\bin;C:\Ruby33-x64\msys64\usr\bin;C:\Ruby33-x64\bin;C:\oraclexe\app\oracle\product\11.2.0\server\bin;C:\Program Files (x86)\Common Files\Oracle\Java\javapath;C:\oraclexe\app\oracle\product\11.2.0\server\bin;C:\WINDOWS\system32;C:\WINDOWS;C:\WINDOWS\System32\Wbem;C:\WINDOWS\System32\WindowsPowerShell\v1.0\;C:\WINDOWS\System32\OpenSSH\;C:\Users\Lenovo\AppData\Local\Microsoft\WindowsApps;C:\adb;C:\Program Files\nodejs\;C:\Program Files (x86)\Yarn\bin\;C:\Program Files\PostgreSQL\17\bin;C:\Program Files\Git\cmd;C:\Ruby33-x64\bin;C:\RailsInstaller\Git\cmd;C:\RailsInstaller\Ruby2.3.3\bin;C:\instantclient_19_23;C:\Users\Lenovo\AppData\Local\Programs\Microsoft VS Code\bin;C:\Program Files\heroku\bin;C:\Program Files\MySQL\MySQL Server 8.0\bin;C:\Users\Lenovo\AppData\Roaming\npm;C:\Users\Lenovo\AppData\Local\Yarn\bin;C:\Users\Lenovo\AppData\Local\GitHubDesktop\bin;C:\sqlite-dll-win-x86-3490000;C:\msys64\mingw64\bin;C:\msys64\usr\bin;C:\Program Files\PostgreSQL\16\bin;C:\RailsInstaller\Git\cmd;C:\RailsInstaller\Ruby2.3.3\bin;C:\instantclient_19_23;C:\Users\Lenovo\AppData\Local\Microsoft\WindowsApps;C:\Users\Lenovo\AppData\Local\Programs\Microsoft VS Code\bin;C:\Program Files\heroku\bin;C:\Program Files\MySQL\MySQL Server 8.0\bin;C:\Users\Lenovo\AppData\Roaming\npm;C:\Users\Lenovo\AppData\Local\Yarn\bin;C:\Users\Lenovo\AppData\Local\GitHubDesktop\bin;C:\Program Files\PostgreSQL\17\bin;C:\Ruby33-x64\bin;C:\sqlite-dll-win-x86-3490000;C:\msys64\mingw64\bin;C:\msys64\usr\bin;" "gcc -IC:/Ruby33-x64/include/ruby-3.3.0/x64-mingw-ucrt -IC:/Ruby33-x64/include/ruby-3.3.0/ruby/backward -IC:/Ruby33-x64/include/ruby-3.3.0 -I.  -DFD_SETSIZE=2048 -D_WIN32_WINNT=0x0600 -D__MINGW_USE_VC2005_COMPAT -D_FILE_OFFSET_BITS=64  -O3 -fno-fast-math -fstack-protector-strong -O3  -std=c99 -Werror -c conftest.c"
checked program was:
/* begin */
1: #include "ruby.h"
2: 
3: #include <winsock2.h>
4: #include <windows.h>
5: int main(int argc, char **argv)
6: {
7:   return !!argv[argc];
8: }
/* end */

--------------------

